app/build/intermediates/manifest_merge_blame_file/release/manifest-merger-blame-release-report.txt
1<?xml version="1.0" encoding="utf-8"?>
2<manifest xmlns:android="http://schemas.android.com/apk/res/android"
3    package="com.jcsamples.installkit"
4    android:versionCode="1"
5    android:versionName="1.0" >
6
7    <uses-sdk
8        android:minSdkVersion="17"
8-->src\main\AndroidManifest.xml
9        android:targetSdkVersion="29" />
9-->src\main\AndroidManifest.xml
10
11    <uses-permission android:name="android.permission.READ_EXTERNAL_STORAGE" />
11-->src\main\AndroidManifest.xml:6:2-77
11-->src\main\AndroidManifest.xml:6:19-74
12    <uses-permission android:name="android.permission.REQUEST_INSTALL_PACKAGES" />
12-->src\main\AndroidManifest.xml:7:2-80
12-->src\main\AndroidManifest.xml:7:19-77
13
14    <application
14-->src\main\AndroidManifest.xml:9:5-41:19
15        android:allowBackup="true"
15-->src\main\AndroidManifest.xml:11:9-35
16        android:appComponentFactory="androidx.core.app.CoreComponentFactory"
16-->[androidx.core:core:1.0.1] AndroidManifest.xml:22:18-86
17        android:fullBackupContent="true"
17-->src\main\AndroidManifest.xml:17:3-35
18        android:icon="@drawable/ic_launcher"
18-->src\main\AndroidManifest.xml:12:9-45
19        android:label="@string/app_name"
19-->src\main\AndroidManifest.xml:14:9-41
20        android:requestLegacyExternalStorage="true"
20-->src\main\AndroidManifest.xml:18:3-46
21        android:resizeableActivity="true"
21-->src\main\AndroidManifest.xml:16:3-38
22        android:roundIcon="@drawable/ic_launcher_round"
22-->src\main\AndroidManifest.xml:13:9-56
23        android:theme="@style/AppTheme" >
23-->src\main\AndroidManifest.xml:15:9-40
24        <provider
25            android:name="androidx.core.content.FileProvider"
25-->src\main\AndroidManifest.xml:21:4-53
26            android:authorities="com.jcsamples.installkit.provider"
26-->src\main\AndroidManifest.xml:22:4-51
27            android:exported="false"
27-->src\main\AndroidManifest.xml:23:4-28
28            android:grantUriPermissions="true" >
28-->src\main\AndroidManifest.xml:24:4-38
29            <meta-data
29-->src\main\AndroidManifest.xml:25:4-27:36
30                android:name="android.support.FILE_PROVIDER_PATHS"
30-->src\main\AndroidManifest.xml:26:5-55
31                android:resource="@xml/paths" />
31-->src\main\AndroidManifest.xml:27:5-34
32        </provider>
33
34        <activity
34-->src\main\AndroidManifest.xml:30:9-40:20
35            android:name="com.jcsamples.installkit.MainActivity"
35-->src\main\AndroidManifest.xml:31:13-41
36            android:label="@string/app_name" >
36-->src\main\AndroidManifest.xml:32:13-45
37            <intent-filter>
37-->src\main\AndroidManifest.xml:34:13-38:29
38                <action android:name="android.intent.action.MAIN" />
38-->src\main\AndroidManifest.xml:35:17-69
38-->src\main\AndroidManifest.xml:35:25-66
39                <action android:name="android.intent.action.VIEW" />
39-->src\main\AndroidManifest.xml:36:5-57
39-->src\main\AndroidManifest.xml:36:13-54
40
41                <category android:name="android.intent.category.LAUNCHER" />
41-->src\main\AndroidManifest.xml:37:17-77
41-->src\main\AndroidManifest.xml:37:27-74
42            </intent-filter>
43        </activity>
44    </application>
45
46</manifest>